<?xml version="1.0" encoding="UTF-8"?>
<!-- Generated by org.testng.reporters.JUnitXMLReporter -->
<testsuite hostname="Biswajit" ignored="0" name="Default test" tests="4" failures="0" timestamp="23 Jun 2019 06:51:53 GMT" time="35.338" errors="0">
  <testcase name="goToSignInPage" time="5.808" classname="com.qa.testCases.HomePageTest"/>
  <testcase name="searchAText" time="5.141" classname="com.qa.testCases.HomePageTest"/>
  <testcase name="gotoContactUsPage" time="5.089" classname="com.qa.testCases.HomePageTest"/>
  <testcase name="gotoCartPage" time="5.906" classname="com.qa.testCases.HomePageTest"/>
</testsuite> <!-- Default test -->
