<?xml version="1.0" encoding="UTF-8"?>
<!-- Generated by org.testng.reporters.JUnitXMLReporter -->
<testsuite hostname="Biswajit" ignored="0" name="Test" tests="10" failures="0" timestamp="28 Jul 2019 12:35:06 GMT" time="134.411" errors="0">
  <testcase name="goToSignInPage" time="12.864" classname="com.qa.testCases.HomePageTest"/>
  <testcase name="searchAText" time="11.01" classname="com.qa.testCases.HomePageTest"/>
  <testcase name="gotoContactUsPage" time="6.807" classname="com.qa.testCases.HomePageTest"/>
  <testcase name="gotoCartPage" time="7.089" classname="com.qa.testCases.HomePageTest"/>
  <testcase name="mouseHoverAndClickOnTopsButton" time="8.965" classname="com.qa.testCases.HomePageTest"/>
  <testcase name="mouseHoverAndClickOnDressesButton" time="8.68" classname="com.qa.testCases.HomePageTest"/>
  <testcase name="mouseHoverAndClickOnCasualDresses" time="6.247" classname="com.qa.testCases.HomePageTest"/>
  <testcase name="mouseHoverAndClickOnEveningDresses" time="8.004" classname="com.qa.testCases.HomePageTest"/>
  <testcase name="mouseHoverAndClickOnSummerDresses" time="7.729" classname="com.qa.testCases.HomePageTest"/>
  <testcase name="clickOnTshirtsTab" time="8.76" classname="com.qa.testCases.HomePageTest"/>
</testsuite> <!-- Test -->
