<?xml version="1.0" encoding="UTF-8"?>
<!-- Generated by org.testng.reporters.JUnitXMLReporter -->
<testsuite hostname="Biswajit" ignored="0" name="Test ran in Chrome Browser" tests="10" failures="0" timestamp="29 Jul 2019 18:26:16 GMT" time="87.871" errors="0">
  <testcase name="goToSignInPage" time="7.276" classname="com.qa.testCases.HomePageTest"/>
  <testcase name="searchAText" time="6.109" classname="com.qa.testCases.HomePageTest"/>
  <testcase name="gotoContactUsPage" time="6.07" classname="com.qa.testCases.HomePageTest"/>
  <testcase name="gotoCartPage" time="6.908" classname="com.qa.testCases.HomePageTest"/>
  <testcase name="mouseHoverAndClickOnTopsButton" time="7.612" classname="com.qa.testCases.HomePageTest"/>
  <testcase name="mouseHoverAndClickOnDressesButton" time="7.495" classname="com.qa.testCases.HomePageTest"/>
  <testcase name="mouseHoverAndClickOnCasualDresses" time="9.227" classname="com.qa.testCases.HomePageTest"/>
  <testcase name="mouseHoverAndClickOnEveningDresses" time="5.728" classname="com.qa.testCases.HomePageTest"/>
  <testcase name="mouseHoverAndClickOnSummerDresses" time="6.15" classname="com.qa.testCases.HomePageTest"/>
  <testcase name="clickOnTshirtsTab" time="5.42" classname="com.qa.testCases.HomePageTest"/>
</testsuite> <!-- Test ran in Chrome Browser -->
