<?xml version="1.0" encoding="UTF-8"?>
<!-- Generated by org.testng.reporters.JUnitXMLReporter -->
<testsuite hostname="Biswajit" ignored="0" name="Test" tests="6" failures="0" timestamp="23 Jun 2019 09:10:48 GMT" time="52.438" errors="0">
  <testcase name="goToSignInPage" time="7.998" classname="com.qa.testCases.HomePageTest"/>
  <testcase name="searchAText" time="5.782" classname="com.qa.testCases.HomePageTest"/>
  <testcase name="gotoContactUsPage" time="4.411" classname="com.qa.testCases.HomePageTest"/>
  <testcase name="gotoCartPage" time="5.877" classname="com.qa.testCases.HomePageTest"/>
  <testcase name="mouseHoverAndClickOnTopsButton" time="7.03" classname="com.qa.testCases.HomePageTest"/>
  <testcase name="mouseHoverAndClickOnDressesButton" time="7.523" classname="com.qa.testCases.HomePageTest"/>
</testsuite> <!-- Test -->
