<?xml version="1.0" encoding="UTF-8"?>
<testng-results skipped="0" failed="0" ignored="0" total="2" passed="2">
  <reporter-output>
  </reporter-output>
  <suite name="Suite" duration-ms="21991" started-at="2019-06-18T17:41:22Z" finished-at="2019-06-18T17:41:44Z">
    <groups>
    </groups>
    <test name="Test" duration-ms="21991" started-at="2019-06-18T17:41:22Z" finished-at="2019-06-18T17:41:44Z">
      <class name="com.qa.testCases.HomePageTest">
        <test-method status="PASS" signature="initializeBrowser()[pri:0, instance:com.qa.testCases.HomePageTest@66a3ffec]" name="initializeBrowser" is-config="true" duration-ms="10788" started-at="2019-06-18T17:41:22Z" finished-at="2019-06-18T17:41:33Z">
          <reporter-output>
          </reporter-output>
        </test-method> <!-- initializeBrowser -->
        <test-method status="PASS" signature="serachBar()[pri:0, instance:com.qa.testCases.HomePageTest@66a3ffec]" name="serachBar" duration-ms="5255" started-at="2019-06-18T17:41:33Z" finished-at="2019-06-18T17:41:38Z">
          <reporter-output>
          </reporter-output>
        </test-method> <!-- serachBar -->
        <test-method status="PASS" signature="contactUs()[pri:0, instance:com.qa.testCases.HomePageTest@66a3ffec]" name="contactUs" duration-ms="5245" started-at="2019-06-18T17:41:38Z" depends-on-methods="com.qa.testCases.HomePageTest.serachBar" finished-at="2019-06-18T17:41:43Z">
          <reporter-output>
          </reporter-output>
        </test-method> <!-- contactUs -->
        <test-method status="PASS" signature="tearDown()[pri:0, instance:com.qa.testCases.HomePageTest@66a3ffec]" name="tearDown" is-config="true" duration-ms="671" started-at="2019-06-18T17:41:43Z" finished-at="2019-06-18T17:41:44Z">
          <reporter-output>
          </reporter-output>
        </test-method> <!-- tearDown -->
      </class> <!-- com.qa.testCases.HomePageTest -->
    </test> <!-- Test -->
  </suite> <!-- Suite -->
</testng-results>
